<?xml version="1.0" encoding="UTF-8"?>
<!-- Generated by org.testng.reporters.JUnitReportReporter -->
<testsuite hostname="DESKTOP-T83L1I0" failures="0" tests="1" name="test.VerifyProductDisplayedOnHomepage" time="10.896" errors="0" timestamp="2023-04-25T14:07:56 IST" skipped="0">
  <testcase classname="test.VerifyProductDisplayedOnHomepage" name="productAreDisplayOnHomePage" time="10.896"/>
  <system-out/>
</testsuite> <!-- test.VerifyProductDisplayedOnHomepage -->
