<?xml version="1.0" encoding="UTF-8"?>
<!-- Generated by org.testng.reporters.JUnitReportReporter -->
<testsuite hostname="DESKTOP-T83L1I0" failures="0" tests="1" name="test.VerifyLoginFunctionality" time="18.395" errors="0" timestamp="2023-04-19T23:02:40 IST" skipped="0">
  <testcase classname="test.VerifyLoginFunctionality" name="loginFunctionality" time="18.395"/>
  <system-out/>
</testsuite> <!-- test.VerifyLoginFunctionality -->
