<?xml version="1.0" encoding="UTF-8"?>
<!-- Generated by org.testng.reporters.JUnitReportReporter -->
<testsuite hostname="DESKTOP-T83L1I0" failures="0" tests="1" name="test.VerifyProductDisplayedOnHomepage" time="18.489" errors="0" timestamp="2023-04-19T23:12:17 IST" skipped="0">
  <testcase classname="test.VerifyProductDisplayedOnHomepage" name="productAreDisplayOnHomePage" time="18.489"/>
  <system-out/>
</testsuite> <!-- test.VerifyProductDisplayedOnHomepage -->
