<?xml version="1.0" encoding="UTF-8"?>
<!-- Generated by org.testng.reporters.JUnitReportReporter -->
<testsuite hostname="DESKTOP-T83L1I0" failures="0" tests="5" name="test.SwagLabTest" time="72.351" errors="0" timestamp="2023-04-25T14:13:24 IST" skipped="0">
  <testcase classname="test.SwagLabTest" name="verifyMultipleProductsAddedToCart" time="9.800"/>
  <system-out/>
  <testcase classname="test.SwagLabTest" name="productAreDisplayOnHomePage" time="9.372"/>
  <system-out/>
  <testcase classname="test.SwagLabTest" name="verifyCustomerIsAbleToPlaceOrder" time="11.758"/>
  <system-out/>
  <testcase classname="test.SwagLabTest" name="verifyProductIsAddedToCart" time="20.382"/>
  <system-out/>
  <testcase classname="test.SwagLabTest" name="loginFunctionality" time="21.039"/>
  <system-out/>
</testsuite> <!-- test.SwagLabTest -->
