<?xml version="1.0" encoding="UTF-8"?>
<!-- Generated by org.testng.reporters.JUnitReportReporter -->
<testsuite hostname="DESKTOP-T83L1I0" failures="0" tests="1" name="test.VerifyCustomerIsAbletoPlaceOrder" time="13.896" errors="0" timestamp="2023-04-20T00:22:35 IST" skipped="0">
  <testcase classname="test.VerifyCustomerIsAbletoPlaceOrder" name="verifyCustomerIsAbleToPlaceOrder" time="13.896"/>
  <system-out/>
</testsuite> <!-- test.VerifyCustomerIsAbletoPlaceOrder -->
