<?xml version="1.0" encoding="UTF-8"?>
<!-- Generated by org.testng.reporters.JUnitReportReporter -->
<testsuite hostname="DESKTOP-T83L1I0" failures="0" tests="1" name="test.VerifyCustomerIsAbleToAddMultipleProduct" time="20.566" errors="0" timestamp="2023-04-19T23:51:31 IST" skipped="0">
  <testcase classname="test.VerifyCustomerIsAbleToAddMultipleProduct" name="verifyMultipleProductsAddedToCart" time="20.566"/>
  <system-out/>
</testsuite> <!-- test.VerifyCustomerIsAbleToAddMultipleProduct -->
