<?xml version="1.0" encoding="UTF-8"?>
<!-- Generated by org.testng.reporters.JUnitReportReporter -->
<testsuite hostname="DESKTOP-T83L1I0" failures="0" tests="1" name="test.VerifyCustomerIsAbleToAddProductToCart" time="21.277" errors="0" timestamp="2023-04-19T23:53:38 IST" skipped="0">
  <testcase classname="test.VerifyCustomerIsAbleToAddProductToCart" name="verifyProductIsAddedToCart" time="21.277"/>
  <system-out/>
</testsuite> <!-- test.VerifyCustomerIsAbleToAddProductToCart -->
